<beans xmlns="http://www.springframework.org/schema/beans"
	xmlns:xsi="http://www.w3.org/2001/XMLSchema-instance" xmlns:context="http://www.springframework.org/schema/context"
	xmlns:tx="http://www.springframework.org/schema/tx" xmlns:aop="http://www.springframework.org/schema/aop"
	xmlns:mvc="http://www.springframework.org/schema/mvc"
	xsi:schemaLocation="
		http://www.springframework.org/schema/beans
		http://www.springframework.org/schema/beans/spring-beans-4.1.xsd
		http://www.springframework.org/schema/tx
		http://www.springframework.org/schema/tx/spring-tx-4.1.xsd
		http://www.springframework.org/schema/context
		http://www.springframework.org/schema/context/spring-context-4.1.xsd
		http://www.springframework.org/schema/aop
		http://www.springframework.org/schema/aop/spring-aop-4.1.xsd
		http://www.springframework.org/schema/mvc
		http://www.springframework.org/schema/mvc/spring-mvc-4.1.xsd">
    
    <context:property-placeholder location="classpath:config.properties" />
    
    <bean id="mockAsccendNettyClient" class="com.worldline.asp.tcp.TNettyClient">
    	<property name="host" value="0.0.0.0"/>
    	<property name="port" value="1010"/>
    	<property name="charset" value="Cp1047"/>
    	<property name="reconnectDelaySeconds" value="60"/>
    	<property name="messageLengthOffset" value="2"/>
    </bean>
</beans>
